Traceback (most recent call last):
  File "C:\Users\Egi Putra Ragil\AppData\Roaming\Python\Python310\site-packages\jupyter_cache\executors\utils.py", line 51, in single_nb_execution
    executenb(
  File "C:\Users\Egi Putra Ragil\AppData\Roaming\Python\Python310\site-packages\nbclient\client.py", line 1204, in execute
    return NotebookClient(nb=nb, resources=resources, km=km, **kwargs).execute()
  File "C:\Users\Egi Putra Ragil\AppData\Roaming\Python\Python310\site-packages\nbclient\util.py", line 84, in wrapped
    return just_run(coro(*args, **kwargs))
  File "C:\Users\Egi Putra Ragil\AppData\Roaming\Python\Python310\site-packages\nbclient\util.py", line 62, in just_run
    return loop.run_until_complete(coro)
  File "C:\Users\Egi Putra Ragil\AppData\Local\Programs\Python\Python310\lib\asyncio\base_events.py", line 646, in run_until_complete
    return future.result()
  File "C:\Users\Egi Putra Ragil\AppData\Roaming\Python\Python310\site-packages\nbclient\client.py", line 663, in async_execute
    await self.async_execute_cell(
  File "C:\Users\Egi Putra Ragil\AppData\Roaming\Python\Python310\site-packages\nbclient\client.py", line 965, in async_execute_cell
    await self._check_raise_for_error(cell, cell_index, exec_reply)
  File "C:\Users\Egi Putra Ragil\AppData\Roaming\Python\Python310\site-packages\nbclient\client.py", line 862, in _check_raise_for_error
    raise CellExecutionError.from_cell_and_msg(cell, exec_reply_content)
nbclient.exceptions.CellExecutionError: An error occurred while executing the following cell:
------------------
# melihat n_component terbaik
# dengan cumulative explained variance
pca = PCA().fit(tfidf)
cmv = pca.explained_variance_ratio_.cumsum()
print(cmv)
print(cmv.shape)
------------------

[1;31m---------------------------------------------------------------------------[0m
[1;31mTypeError[0m                                 Traceback (most recent call last)
Input [1;32mIn [11][0m, in [0;36m<cell line: 3>[1;34m()[0m
[0;32m      1[0m [38;5;66;03m# melihat n_component terbaik[39;00m
[0;32m      2[0m [38;5;66;03m# dengan cumulative explained variance[39;00m
[1;32m----> 3[0m pca [38;5;241m=[39m [43mPCA[49m[43m([49m[43m)[49m[38;5;241;43m.[39;49m[43mfit[49m[43m([49m[43mtfidf[49m[43m)[49m
[0;32m      4[0m cmv [38;5;241m=[39m pca[38;5;241m.[39mexplained_variance_ratio_[38;5;241m.[39mcumsum()
[0;32m      5[0m [38;5;28mprint[39m(cmv)

File [1;32m~\AppData\Local\Programs\Python\Python310\lib\site-packages\sklearn\decomposition\_pca.py:408[0m, in [0;36mPCA.fit[1;34m(self, X, y)[0m
[0;32m    385[0m [38;5;124;03m"""Fit the model with X.[39;00m
[0;32m    386[0m 
[0;32m    387[0m [38;5;124;03mParameters[39;00m
[1;32m   (...)[0m
[0;32m    399[0m [38;5;124;03m    Returns the instance itself.[39;00m
[0;32m    400[0m [38;5;124;03m"""[39;00m
[0;32m    401[0m check_scalar(
[0;32m    402[0m     [38;5;28mself[39m[38;5;241m.[39mn_oversamples,
[0;32m    403[0m     [38;5;124m"[39m[38;5;124mn_oversamples[39m[38;5;124m"[39m,
[0;32m    404[0m     min_val[38;5;241m=[39m[38;5;241m1[39m,
[0;32m    405[0m     target_type[38;5;241m=[39mnumbers[38;5;241m.[39mIntegral,
[0;32m    406[0m )
[1;32m--> 408[0m [38;5;28;43mself[39;49m[38;5;241;43m.[39;49m[43m_fit[49m[43m([49m[43mX[49m[43m)[49m
[0;32m    409[0m [38;5;28;01mreturn[39;00m [38;5;28mself[39m

File [1;32m~\AppData\Local\Programs\Python\Python310\lib\site-packages\sklearn\decomposition\_pca.py:451[0m, in [0;36mPCA._fit[1;34m(self, X)[0m
[0;32m    448[0m [38;5;66;03m# Raise an error for sparse input.[39;00m
[0;32m    449[0m [38;5;66;03m# This is more informative than the generic one raised by check_array.[39;00m
[0;32m    450[0m [38;5;28;01mif[39;00m issparse(X):
[1;32m--> 451[0m     [38;5;28;01mraise[39;00m [38;5;167;01mTypeError[39;00m(
[0;32m    452[0m         [38;5;124m"[39m[38;5;124mPCA does not support sparse input. See [39m[38;5;124m"[39m
[0;32m    453[0m         [38;5;124m"[39m[38;5;124mTruncatedSVD for a possible alternative.[39m[38;5;124m"[39m
[0;32m    454[0m     )
[0;32m    456[0m X [38;5;241m=[39m [38;5;28mself[39m[38;5;241m.[39m_validate_data(
[0;32m    457[0m     X, dtype[38;5;241m=[39m[np[38;5;241m.[39mfloat64, np[38;5;241m.[39mfloat32], ensure_2d[38;5;241m=[39m[38;5;28;01mTrue[39;00m, copy[38;5;241m=[39m[38;5;28mself[39m[38;5;241m.[39mcopy
[0;32m    458[0m )
[0;32m    460[0m [38;5;66;03m# Handle n_components==None[39;00m

[1;31mTypeError[0m: PCA does not support sparse input. See TruncatedSVD for a possible alternative.
TypeError: PCA does not support sparse input. See TruncatedSVD for a possible alternative.

